<?xml version="1.0" encoding="UTF-8"?>
<testng-results skipped="0" failed="0" ignored="0" total="1" passed="1">
  <reporter-output>
  </reporter-output>
  <suite name="Default suite" duration-ms="4511" started-at="2022-01-02T12:30:04 IST" finished-at="2022-01-02T12:30:08 IST">
    <groups>
    </groups>
    <test name="Default test" duration-ms="4511" started-at="2022-01-02T12:30:04 IST" finished-at="2022-01-02T12:30:08 IST">
      <class name="RestfullBooker.POST_Refactored">
        <test-method status="PASS" signature="postMethod()[pri:0, instance:RestfullBooker.POST_Refactored@15d0c81b]" name="postMethod" duration-ms="4459" started-at="2022-01-02T12:30:04 IST" finished-at="2022-01-02T12:30:08 IST">
          <reporter-output>
          </reporter-output>
        </test-method> <!-- postMethod -->
      </class> <!-- RestfullBooker.POST_Refactored -->
    </test> <!-- Default test -->
  </suite> <!-- Default suite -->
</testng-results>
